<?xml version="1.0" encoding="UTF-8"?>
<!-- Generated by org.testng.reporters.JUnitReportReporter -->
<testsuite skipped="0" hostname="6f226069cf8a" name="com.searchmodule.tests.SearchTest" tests="2" failures="0" timestamp="09 Dec 2021 23:04:50 GMT" time="9.569" errors="0">
  <testcase name="search" time="4.490" classname="com.searchmodule.tests.SearchTest"/>
  <testcase name="search" time="5.079" classname="com.searchmodule.tests.SearchTest"/>
</testsuite> <!-- com.searchmodule.tests.SearchTest -->
