<?xml version="1.0" encoding="UTF-8"?>
<!-- Generated by org.testng.reporters.JUnitReportReporter -->
<testsuite skipped="0" hostname="be28a0c8ddeb" name="com.newtours.tests.BookFlightTest" tests="20" failures="0" timestamp="09 Dec 2021 23:04:38 GMT" time="38.290" errors="0">
  <testcase name="flightConfirmationPage" time="0.283" classname="com.newtours.tests.BookFlightTest"/>
  <testcase name="findFlightPage" time="0.431" classname="com.newtours.tests.BookFlightTest"/>
  <testcase name="flightConfirmationPage" time="0.344" classname="com.newtours.tests.BookFlightTest"/>
  <testcase name="registrationConfirmationPage" time="0.157" classname="com.newtours.tests.BookFlightTest"/>
  <testcase name="findFlightPage" time="0.371" classname="com.newtours.tests.BookFlightTest"/>
  <testcase name="findFlightPage" time="0.364" classname="com.newtours.tests.BookFlightTest"/>
  <testcase name="flightConfirmationPage" time="0.292" classname="com.newtours.tests.BookFlightTest"/>
  <testcase name="flightDetailsPage" time="1.539" classname="com.newtours.tests.BookFlightTest"/>
  <testcase name="registrationPage" time="4.360" classname="com.newtours.tests.BookFlightTest"/>
  <testcase name="flightDetailsPage" time="1.413" classname="com.newtours.tests.BookFlightTest"/>
  <testcase name="flightConfirmationPage" time="0.303" classname="com.newtours.tests.BookFlightTest"/>
  <testcase name="flightDetailsPage" time="1.512" classname="com.newtours.tests.BookFlightTest"/>
  <testcase name="registrationConfirmationPage" time="0.161" classname="com.newtours.tests.BookFlightTest"/>
  <testcase name="flightDetailsPage" time="1.480" classname="com.newtours.tests.BookFlightTest"/>
  <testcase name="findFlightPage" time="0.396" classname="com.newtours.tests.BookFlightTest"/>
  <testcase name="registrationPage" time="14.345" classname="com.newtours.tests.BookFlightTest"/>
  <testcase name="registrationConfirmationPage" time="0.175" classname="com.newtours.tests.BookFlightTest"/>
  <testcase name="registrationPage" time="3.974" classname="com.newtours.tests.BookFlightTest"/>
  <testcase name="registrationPage" time="6.230" classname="com.newtours.tests.BookFlightTest"/>
  <testcase name="registrationConfirmationPage" time="0.160" classname="com.newtours.tests.BookFlightTest"/>
</testsuite> <!-- com.newtours.tests.BookFlightTest -->
