<?xml version="1.0" encoding="UTF-8"?>
<!-- Generated by org.testng.reporters.JUnitReportReporter -->
<testsuite skipped="0" hostname="c103734d06d2" name="com.searchmodule.tests.SearchTest" tests="2" failures="0" timestamp="09 Dec 2021 23:05:11 GMT" time="8.191" errors="0">
  <testcase name="search" time="4.030" classname="com.searchmodule.tests.SearchTest"/>
  <testcase name="search" time="4.161" classname="com.searchmodule.tests.SearchTest"/>
</testsuite> <!-- com.searchmodule.tests.SearchTest -->
