<?xml version="1.0" encoding="UTF-8"?>
<!-- Generated by org.testng.reporters.JUnitReportReporter -->
<testsuite skipped="0" hostname="666f10136ee3" name="com.newtours.tests.BookFlightTest" tests="20" failures="0" timestamp="09 Dec 2021 23:05:05 GMT" time="50.938" errors="0">
  <testcase name="flightConfirmationPage" time="0.437" classname="com.newtours.tests.BookFlightTest"/>
  <testcase name="registrationConfirmationPage" time="0.185" classname="com.newtours.tests.BookFlightTest"/>
  <testcase name="flightDetailsPage" time="1.563" classname="com.newtours.tests.BookFlightTest"/>
  <testcase name="registrationPage" time="5.415" classname="com.newtours.tests.BookFlightTest"/>
  <testcase name="registrationConfirmationPage" time="0.149" classname="com.newtours.tests.BookFlightTest"/>
  <testcase name="findFlightPage" time="0.624" classname="com.newtours.tests.BookFlightTest"/>
  <testcase name="findFlightPage" time="0.669" classname="com.newtours.tests.BookFlightTest"/>
  <testcase name="registrationPage" time="9.039" classname="com.newtours.tests.BookFlightTest"/>
  <testcase name="findFlightPage" time="0.672" classname="com.newtours.tests.BookFlightTest"/>
  <testcase name="registrationPage" time="8.026" classname="com.newtours.tests.BookFlightTest"/>
  <testcase name="registrationConfirmationPage" time="0.159" classname="com.newtours.tests.BookFlightTest"/>
  <testcase name="findFlightPage" time="0.810" classname="com.newtours.tests.BookFlightTest"/>
  <testcase name="flightConfirmationPage" time="0.445" classname="com.newtours.tests.BookFlightTest"/>
  <testcase name="flightConfirmationPage" time="0.490" classname="com.newtours.tests.BookFlightTest"/>
  <testcase name="flightDetailsPage" time="1.875" classname="com.newtours.tests.BookFlightTest"/>
  <testcase name="registrationPage" time="16.428" classname="com.newtours.tests.BookFlightTest"/>
  <testcase name="flightDetailsPage" time="1.732" classname="com.newtours.tests.BookFlightTest"/>
  <testcase name="flightConfirmationPage" time="0.354" classname="com.newtours.tests.BookFlightTest"/>
  <testcase name="registrationConfirmationPage" time="0.158" classname="com.newtours.tests.BookFlightTest"/>
  <testcase name="flightDetailsPage" time="1.708" classname="com.newtours.tests.BookFlightTest"/>
</testsuite> <!-- com.newtours.tests.BookFlightTest -->
